<?xml version="1.0" encoding="UTF-8"?>
<!-- Generated by org.testng.reporters.JUnitReportReporter -->
<testsuite hostname="Admin-PC" name="mouseoverevents" tests="1" failures="0" timestamp="1 Jul 2016 16:34:49 GMT" time="29.022" errors="0">
  <testcase name="Test" time="29.022" classname="mouseoverevents"/>
</testsuite> <!-- mouseoverevents -->
