<?xml version="1.0" encoding="UTF-8"?>
<!-- Generated by org.testng.reporters.JUnitReportReporter -->
<testsuite hostname="Admin-PC" name="AnotherGroupingDemo" tests="1" failures="0" timestamp="7 Jul 2016 12:43:11 GMT" time="0.008" errors="0">
  <testcase name="groupDemo1" time="0.008" classname="AnotherGroupingDemo"/>
</testsuite> <!-- AnotherGroupingDemo -->
