<?xml version="1.0" encoding="UTF-8"?>
<!-- Generated by org.testng.reporters.JUnitReportReporter -->
<testsuite hostname="Admin-PC" name="Annotations" tests="2" failures="0" timestamp="13 Mar 2017 17:15:58 GMT" time="0.032" errors="0">
  <testcase name="Test1" time="0.000" classname="Annotations"/>
  <testcase name="Test2" time="0.032" classname="Annotations"/>
</testsuite> <!-- Annotations -->
