<?xml version="1.0" encoding="UTF-8"?>
<!-- Generated by org.testng.reporters.JUnitReportReporter -->
<testsuite hostname="Admin-PC" name="com.scroll.ScrollPage" tests="1" failures="0" timestamp="25 Sep 2016 10:35:36 GMT" time="33.336" errors="0">
  <testcase name="scrollPage" time="33.336" classname="com.scroll.ScrollPage"/>
</testsuite> <!-- com.scroll.ScrollPage -->
