<?xml version="1.0" encoding="UTF-8"?>
<!-- Generated by org.testng.reporters.JUnitReportReporter -->
<testsuite hostname="Admin-PC" name="Visibility" tests="3" failures="0" timestamp="24 Jul 2016 19:16:32 GMT" time="0.007" errors="3">
  <testcase name="Testing3" time="0.002" classname="Visibility">
    <error type="org.openqa.selenium.WebDriverException" message="Failed to connect to binary FirefoxBinary(C:\Program Files (x86)\Mozilla Firefox\firefox.exe) on port 7055; process output follows: 
&quot;updateKey&quot;:null,&quot;optionsURL&quot;:null,&quot;optionsType&quot;:null,&quot;aboutURL&quot;:null,&quot;icons&quot;:{&quot;32&quot;:&quot;icon.png&quot;,&quot;48&quot;:&quot;icon.png&quot;},&quot;iconURL&quot;:null,&quot;icon64URL&quot;:null,&quot;defaultLocale&quot;:{&quot;name&quot;:&quot;Default&quot;,&quot;description&quot;:&quot;The default theme.&quot;,&quot;creator&quot;:&quot;Mozilla&quot;,&quot;homepageURL&quot;:null,&quot;contributors&quot;:[&quot;Mozilla Contributors&quot;]},&quot;visible&quot;:true,&quot;active&quot;:true,&quot;userDisabled&quot;:false,&quot;appDisabled&quot;:false,&quot;descriptor&quot;:&quot;C:\\Program Files (x86)\\Mozilla Firefox\\browser\\extensions\\{972ce4c6-7e08-4474-a285-3208198ce6fd}.xpi&quot;,&quot;installDate&quot;:1469002158396,&quot;updateDate&quot;:1469002158396,&quot;applyBackgroundUpdates&quot;:1,&quot;skinnable&quot;:true,&quot;size&quot;:22012,&quot;sourceURI&quot;:null,&quot;releaseNotesURI&quot;:null,&quot;softDisabled&quot;:false,&quot;foreignInstall&quot;:false,&quot;hasBinaryComponents&quot;:false,&quot;strictCompatibility&quot;:true,&quot;locales&quot;:[],&quot;targetApplications&quot;:[{&quot;id&quot;:&quot;{ec8030f7-c20a-464f-9b0e-13a3a9e97384}&quot;,&quot;minVersion&quot;:&quot;47.0.1&quot;,&quot;maxVersion&quot;:&quot;47.0.1&quot;}],&quot;targetPlatforms&quot;:[],&quot;seen&quot;:true}
1469387747301	addons.xpi	DEBUG	getModTime: Recursive scan of {972ce4c6-7e08-4474-a285-3208198ce6fd}
1469387747304	DeferredSave.extensions.json	DEBUG	Save changes
1469387747304	addons.xpi	DEBUG	Updating database with changes to installed add-ons
1469387747305	addons.xpi-utils	DEBUG	Updating add-on states
1469387747306	addons.xpi-utils	DEBUG	Writing add-ons list
1469387747311	addons.xpi	DEBUG	Registering manifest for C:\Program Files (x86)\Mozilla Firefox\browser\features\e10srollout@mozilla.org.xpi
1469387747312	addons.xpi	DEBUG	Calling bootstrap method startup on e10srollout@mozilla.org version 1.0
1469387747312	addons.xpi	DEBUG	Registering manifest for C:\Program Files (x86)\Mozilla Firefox\browser\features\firefox@getpocket.com.xpi
1469387747314	addons.xpi	DEBUG	Calling bootstrap method startup on firefox@getpocket.com version 1.0.2
1469387747316	addons.xpi	DEBUG	Registering manifest for C:\Program Files (x86)\Mozilla Firefox\browser\features\loop@mozilla.org.xpi
1469387747318	addons.xpi	DEBUG	Calling bootstrap method startup on loop@mozilla.org version 1.3.2
1469387747378	addons.manager	DEBUG	Registering shutdown blocker for XPIProvider
1469387747378	addons.manager	DEBUG	Provider finished startup: XPIProvider
1469387747379	addons.manager	DEBUG	Starting provider: LightweightThemeManager
1469387747379	addons.manager	DEBUG	Registering shutdown blocker for LightweightThemeManager
1469387747380	addons.manager	DEBUG	Provider finished startup: LightweightThemeManager
1469387747382	addons.manager	DEBUG	Starting provider: GMPProvider
1469387747398	addons.manager	DEBUG	Registering shutdown blocker for GMPProvider
1469387747398	addons.manager	DEBUG	Provider finished startup: GMPProvider
1469387747398	addons.manager	DEBUG	Starting provider: PluginProvider
1469387747399	addons.manager	DEBUG	Registering shutdown blocker for PluginProvider
1469387747400	addons.manager	DEBUG	Provider finished startup: PluginProvider
1469387747401	addons.manager	DEBUG	Completed startup sequence
1469387749793	addons.manager	DEBUG	Starting provider: &lt;unnamed-provider&gt;
1469387749793	addons.manager	DEBUG	Registering shutdown blocker for &lt;unnamed-provider&gt;
1469387749794	addons.manager	DEBUG	Provider finished startup: &lt;unnamed-provider&gt;
1469387750544	DeferredSave.extensions.json	DEBUG	Write succeeded
1469387750544	addons.xpi-utils	DEBUG	XPI Database saved, setting schema version preference to 17
1469387750545	DeferredSave.extensions.json	DEBUG	Starting timer
1469387750564	addons.repository	DEBUG	No addons.json found.
1469387750565	DeferredSave.addons.json	DEBUG	Save changes
1469387750586	DeferredSave.addons.json	DEBUG	Starting timer
1469387750806	addons.manager	DEBUG	Starting provider: PreviousExperimentProvider
1469387750806	addons.manager	DEBUG	Registering shutdown blocker for PreviousExperimentProvider
1469387750807	addons.manager	DEBUG	Provider finished startup: PreviousExperimentProvider
1469387750813	DeferredSave.extensions.json	DEBUG	Starting write
1469387750820	DeferredSave.addons.json	DEBUG	Starting write
1469387750893	DeferredSave.extensions.json	DEBUG	Write succeeded
1469387750922	DeferredSave.addons.json	DEBUG	Write succeeded

Build info: version: &#039;2.53.0&#039;, revision: &#039;35ae25b&#039;, time: &#039;2016-03-15 17:00:58&#039;
System info: host: &#039;Admin-PC&#039;, ip: &#039;192.168.1.29&#039;, os.name: &#039;Windows 7&#039;, os.arch: &#039;x86&#039;, os.version: &#039;6.1&#039;, java.version: &#039;1.8.0_66&#039;
Driver info: driver.version: FirefoxDriver">
      <![CDATA[org.openqa.selenium.WebDriverException: Failed to connect to binary FirefoxBinary(C:\Program Files (x86)\Mozilla Firefox\firefox.exe) on port 7055; process output follows: 
"updateKey":null,"optionsURL":null,"optionsType":null,"aboutURL":null,"icons":{"32":"icon.png","48":"icon.png"},"iconURL":null,"icon64URL":null,"defaultLocale":{"name":"Default","description":"The default theme.","creator":"Mozilla","homepageURL":null,"contributors":["Mozilla Contributors"]},"visible":true,"active":true,"userDisabled":false,"appDisabled":false,"descriptor":"C:\\Program Files (x86)\\Mozilla Firefox\\browser\\extensions\\{972ce4c6-7e08-4474-a285-3208198ce6fd}.xpi","installDate":1469002158396,"updateDate":1469002158396,"applyBackgroundUpdates":1,"skinnable":true,"size":22012,"sourceURI":null,"releaseNotesURI":null,"softDisabled":false,"foreignInstall":false,"hasBinaryComponents":false,"strictCompatibility":true,"locales":[],"targetApplications":[{"id":"{ec8030f7-c20a-464f-9b0e-13a3a9e97384}","minVersion":"47.0.1","maxVersion":"47.0.1"}],"targetPlatforms":[],"seen":true}
1469387747301	addons.xpi	DEBUG	getModTime: Recursive scan of {972ce4c6-7e08-4474-a285-3208198ce6fd}
1469387747304	DeferredSave.extensions.json	DEBUG	Save changes
1469387747304	addons.xpi	DEBUG	Updating database with changes to installed add-ons
1469387747305	addons.xpi-utils	DEBUG	Updating add-on states
1469387747306	addons.xpi-utils	DEBUG	Writing add-ons list
1469387747311	addons.xpi	DEBUG	Registering manifest for C:\Program Files (x86)\Mozilla Firefox\browser\features\e10srollout@mozilla.org.xpi
1469387747312	addons.xpi	DEBUG	Calling bootstrap method startup on e10srollout@mozilla.org version 1.0
1469387747312	addons.xpi	DEBUG	Registering manifest for C:\Program Files (x86)\Mozilla Firefox\browser\features\firefox@getpocket.com.xpi
1469387747314	addons.xpi	DEBUG	Calling bootstrap method startup on firefox@getpocket.com version 1.0.2
1469387747316	addons.xpi	DEBUG	Registering manifest for C:\Program Files (x86)\Mozilla Firefox\browser\features\loop@mozilla.org.xpi
1469387747318	addons.xpi	DEBUG	Calling bootstrap method startup on loop@mozilla.org version 1.3.2
1469387747378	addons.manager	DEBUG	Registering shutdown blocker for XPIProvider
1469387747378	addons.manager	DEBUG	Provider finished startup: XPIProvider
1469387747379	addons.manager	DEBUG	Starting provider: LightweightThemeManager
1469387747379	addons.manager	DEBUG	Registering shutdown blocker for LightweightThemeManager
1469387747380	addons.manager	DEBUG	Provider finished startup: LightweightThemeManager
1469387747382	addons.manager	DEBUG	Starting provider: GMPProvider
1469387747398	addons.manager	DEBUG	Registering shutdown blocker for GMPProvider
1469387747398	addons.manager	DEBUG	Provider finished startup: GMPProvider
1469387747398	addons.manager	DEBUG	Starting provider: PluginProvider
1469387747399	addons.manager	DEBUG	Registering shutdown blocker for PluginProvider
1469387747400	addons.manager	DEBUG	Provider finished startup: PluginProvider
1469387747401	addons.manager	DEBUG	Completed startup sequence
1469387749793	addons.manager	DEBUG	Starting provider: <unnamed-provider>
1469387749793	addons.manager	DEBUG	Registering shutdown blocker for <unnamed-provider>
1469387749794	addons.manager	DEBUG	Provider finished startup: <unnamed-provider>
1469387750544	DeferredSave.extensions.json	DEBUG	Write succeeded
1469387750544	addons.xpi-utils	DEBUG	XPI Database saved, setting schema version preference to 17
1469387750545	DeferredSave.extensions.json	DEBUG	Starting timer
1469387750564	addons.repository	DEBUG	No addons.json found.
1469387750565	DeferredSave.addons.json	DEBUG	Save changes
1469387750586	DeferredSave.addons.json	DEBUG	Starting timer
1469387750806	addons.manager	DEBUG	Starting provider: PreviousExperimentProvider
1469387750806	addons.manager	DEBUG	Registering shutdown blocker for PreviousExperimentProvider
1469387750807	addons.manager	DEBUG	Provider finished startup: PreviousExperimentProvider
1469387750813	DeferredSave.extensions.json	DEBUG	Starting write
1469387750820	DeferredSave.addons.json	DEBUG	Starting write
1469387750893	DeferredSave.extensions.json	DEBUG	Write succeeded
1469387750922	DeferredSave.addons.json	DEBUG	Write succeeded

Build info: version: '2.53.0', revision: '35ae25b', time: '2016-03-15 17:00:58'
System info: host: 'Admin-PC', ip: '192.168.1.29', os.name: 'Windows 7', os.arch: 'x86', os.version: '6.1', java.version: '1.8.0_66'
Driver info: driver.version: FirefoxDriver
	at org.openqa.selenium.firefox.internal.NewProfileExtensionConnection.start(NewProfileExtensionConnection.java:124)
	at org.openqa.selenium.firefox.FirefoxDriver.startClient(FirefoxDriver.java:271)
	at org.openqa.selenium.remote.RemoteWebDriver.<init>(RemoteWebDriver.java:119)
	at org.openqa.selenium.firefox.FirefoxDriver.<init>(FirefoxDriver.java:218)
	at org.openqa.selenium.firefox.FirefoxDriver.<init>(FirefoxDriver.java:211)
	at org.openqa.selenium.firefox.FirefoxDriver.<init>(FirefoxDriver.java:207)
	at org.openqa.selenium.firefox.FirefoxDriver.<init>(FirefoxDriver.java:120)
	at Visibility.LaunchBrowser(Visibility.java:17)
	at sun.reflect.NativeMethodAccessorImpl.invoke0(Native Method)
	at sun.reflect.NativeMethodAccessorImpl.invoke(Unknown Source)
	at sun.reflect.DelegatingMethodAccessorImpl.invoke(Unknown Source)
	at java.lang.reflect.Method.invoke(Unknown Source)
	at org.testng.internal.MethodInvocationHelper.invokeMethod(MethodInvocationHelper.java:85)
	at org.testng.internal.Invoker.invokeConfigurationMethod(Invoker.java:510)
	at org.testng.internal.Invoker.invokeConfigurations(Invoker.java:211)
	at org.testng.internal.Invoker.invokeConfigurations(Invoker.java:138)
	at org.testng.TestRunner.beforeRun(TestRunner.java:648)
	at org.testng.TestRunner.run(TestRunner.java:616)
	at org.testng.SuiteRunner.runTest(SuiteRunner.java:359)
	at org.testng.SuiteRunner.runSequentially(SuiteRunner.java:354)
	at org.testng.SuiteRunner.privateRun(SuiteRunner.java:312)
	at org.testng.SuiteRunner.run(SuiteRunner.java:261)
	at org.testng.SuiteRunnerWorker.runSuite(SuiteRunnerWorker.java:52)
	at org.testng.SuiteRunnerWorker.run(SuiteRunnerWorker.java:86)
	at org.testng.TestNG.runSuitesSequentially(TestNG.java:1215)
	at org.testng.TestNG.runSuitesLocally(TestNG.java:1140)
	at org.testng.TestNG.run(TestNG.java:1048)
	at org.testng.remote.AbstractRemoteTestNG.run(AbstractRemoteTestNG.java:126)
	at org.testng.remote.RemoteTestNG.initAndRun(RemoteTestNG.java:137)
	at org.testng.remote.RemoteTestNG.main(RemoteTestNG.java:58)
Caused by: org.openqa.selenium.firefox.NotConnectedException: Unable to connect to host 127.0.0.1 on port 7055 after 45000 ms. Firefox console output:
"updateKey":null,"optionsURL":null,"optionsType":null,"aboutURL":null,"icons":{"32":"icon.png","48":"icon.png"},"iconURL":null,"icon64URL":null,"defaultLocale":{"name":"Default","description":"The default theme.","creator":"Mozilla","homepageURL":null,"contributors":["Mozilla Contributors"]},"visible":true,"active":true,"userDisabled":false,"appDisabled":false,"descriptor":"C:\\Program Files (x86)\\Mozilla Firefox\\browser\\extensions\\{972ce4c6-7e08-4474-a285-3208198ce6fd}.xpi","installDate":1469002158396,"updateDate":1469002158396,"applyBackgroundUpdates":1,"skinnable":true,"size":22012,"sourceURI":null,"releaseNotesURI":null,"softDisabled":false,"foreignInstall":false,"hasBinaryComponents":false,"strictCompatibility":true,"locales":[],"targetApplications":[{"id":"{ec8030f7-c20a-464f-9b0e-13a3a9e97384}","minVersion":"47.0.1","maxVersion":"47.0.1"}],"targetPlatforms":[],"seen":true}
1469387747301	addons.xpi	DEBUG	getModTime: Recursive scan of {972ce4c6-7e08-4474-a285-3208198ce6fd}
1469387747304	DeferredSave.extensions.json	DEBUG	Save changes
1469387747304	addons.xpi	DEBUG	Updating database with changes to installed add-ons
1469387747305	addons.xpi-utils	DEBUG	Updating add-on states
1469387747306	addons.xpi-utils	DEBUG	Writing add-ons list
1469387747311	addons.xpi	DEBUG	Registering manifest for C:\Program Files (x86)\Mozilla Firefox\browser\features\e10srollout@mozilla.org.xpi
1469387747312	addons.xpi	DEBUG	Calling bootstrap method startup on e10srollout@mozilla.org version 1.0
1469387747312	addons.xpi	DEBUG	Registering manifest for C:\Program Files (x86)\Mozilla Firefox\browser\features\firefox@getpocket.com.xpi
1469387747314	addons.xpi	DEBUG	Calling bootstrap method startup on firefox@getpocket.com version 1.0.2
1469387747316	addons.xpi	DEBUG	Registering manifest for C:\Program Files (x86)\Mozilla Firefox\browser\features\loop@mozilla.org.xpi
1469387747318	addons.xpi	DEBUG	Calling bootstrap method startup on loop@mozilla.org version 1.3.2
1469387747378	addons.manager	DEBUG	Registering shutdown blocker for XPIProvider
1469387747378	addons.manager	DEBUG	Provider finished startup: XPIProvider
1469387747379	addons.manager	DEBUG	Starting provider: LightweightThemeManager
1469387747379	addons.manager	DEBUG	Registering shutdown blocker for LightweightThemeManager
1469387747380	addons.manager	DEBUG	Provider finished startup: LightweightThemeManager
1469387747382	addons.manager	DEBUG	Starting provider: GMPProvider
1469387747398	addons.manager	DEBUG	Registering shutdown blocker for GMPProvider
1469387747398	addons.manager	DEBUG	Provider finished startup: GMPProvider
1469387747398	addons.manager	DEBUG	Starting provider: PluginProvider
1469387747399	addons.manager	DEBUG	Registering shutdown blocker for PluginProvider
1469387747400	addons.manager	DEBUG	Provider finished startup: PluginProvider
1469387747401	addons.manager	DEBUG	Completed startup sequence
1469387749793	addons.manager	DEBUG	Starting provider: <unnamed-provider>
1469387749793	addons.manager	DEBUG	Registering shutdown blocker for <unnamed-provider>
1469387749794	addons.manager	DEBUG	Provider finished startup: <unnamed-provider>
1469387750544	DeferredSave.extensions.json	DEBUG	Write succeeded
1469387750544	addons.xpi-utils	DEBUG	XPI Database saved, setting schema version preference to 17
1469387750545	DeferredSave.extensions.json	DEBUG	Starting timer
1469387750564	addons.repository	DEBUG	No addons.json found.
1469387750565	DeferredSave.addons.json	DEBUG	Save changes
1469387750586	DeferredSave.addons.json	DEBUG	Starting timer
1469387750806	addons.manager	DEBUG	Starting provider: PreviousExperimentProvider
1469387750806	addons.manager	DEBUG	Registering shutdown blocker for PreviousExperimentProvider
1469387750807	addons.manager	DEBUG	Provider finished startup: PreviousExperimentProvider
1469387750813	DeferredSave.extensions.json	DEBUG	Starting write
1469387750820	DeferredSave.addons.json	DEBUG	Starting write
1469387750893	DeferredSave.extensions.json	DEBUG	Write succeeded
1469387750922	DeferredSave.addons.json	DEBUG	Write succeeded

	at org.openqa.selenium.firefox.internal.NewProfileExtensionConnection.start(NewProfileExtensionConnection.java:112)
	... 29 more
]]>
    </error>
  </testcase> <!-- Testing3 -->
  <testcase name="Testing" time="0.003" classname="Visibility">
    <error type="org.openqa.selenium.WebDriverException" message="Failed to connect to binary FirefoxBinary(C:\Program Files (x86)\Mozilla Firefox\firefox.exe) on port 7055; process output follows: 
&quot;updateKey&quot;:null,&quot;optionsURL&quot;:null,&quot;optionsType&quot;:null,&quot;aboutURL&quot;:null,&quot;icons&quot;:{&quot;32&quot;:&quot;icon.png&quot;,&quot;48&quot;:&quot;icon.png&quot;},&quot;iconURL&quot;:null,&quot;icon64URL&quot;:null,&quot;defaultLocale&quot;:{&quot;name&quot;:&quot;Default&quot;,&quot;description&quot;:&quot;The default theme.&quot;,&quot;creator&quot;:&quot;Mozilla&quot;,&quot;homepageURL&quot;:null,&quot;contributors&quot;:[&quot;Mozilla Contributors&quot;]},&quot;visible&quot;:true,&quot;active&quot;:true,&quot;userDisabled&quot;:false,&quot;appDisabled&quot;:false,&quot;descriptor&quot;:&quot;C:\\Program Files (x86)\\Mozilla Firefox\\browser\\extensions\\{972ce4c6-7e08-4474-a285-3208198ce6fd}.xpi&quot;,&quot;installDate&quot;:1469002158396,&quot;updateDate&quot;:1469002158396,&quot;applyBackgroundUpdates&quot;:1,&quot;skinnable&quot;:true,&quot;size&quot;:22012,&quot;sourceURI&quot;:null,&quot;releaseNotesURI&quot;:null,&quot;softDisabled&quot;:false,&quot;foreignInstall&quot;:false,&quot;hasBinaryComponents&quot;:false,&quot;strictCompatibility&quot;:true,&quot;locales&quot;:[],&quot;targetApplications&quot;:[{&quot;id&quot;:&quot;{ec8030f7-c20a-464f-9b0e-13a3a9e97384}&quot;,&quot;minVersion&quot;:&quot;47.0.1&quot;,&quot;maxVersion&quot;:&quot;47.0.1&quot;}],&quot;targetPlatforms&quot;:[],&quot;seen&quot;:true}
1469387747301	addons.xpi	DEBUG	getModTime: Recursive scan of {972ce4c6-7e08-4474-a285-3208198ce6fd}
1469387747304	DeferredSave.extensions.json	DEBUG	Save changes
1469387747304	addons.xpi	DEBUG	Updating database with changes to installed add-ons
1469387747305	addons.xpi-utils	DEBUG	Updating add-on states
1469387747306	addons.xpi-utils	DEBUG	Writing add-ons list
1469387747311	addons.xpi	DEBUG	Registering manifest for C:\Program Files (x86)\Mozilla Firefox\browser\features\e10srollout@mozilla.org.xpi
1469387747312	addons.xpi	DEBUG	Calling bootstrap method startup on e10srollout@mozilla.org version 1.0
1469387747312	addons.xpi	DEBUG	Registering manifest for C:\Program Files (x86)\Mozilla Firefox\browser\features\firefox@getpocket.com.xpi
1469387747314	addons.xpi	DEBUG	Calling bootstrap method startup on firefox@getpocket.com version 1.0.2
1469387747316	addons.xpi	DEBUG	Registering manifest for C:\Program Files (x86)\Mozilla Firefox\browser\features\loop@mozilla.org.xpi
1469387747318	addons.xpi	DEBUG	Calling bootstrap method startup on loop@mozilla.org version 1.3.2
1469387747378	addons.manager	DEBUG	Registering shutdown blocker for XPIProvider
1469387747378	addons.manager	DEBUG	Provider finished startup: XPIProvider
1469387747379	addons.manager	DEBUG	Starting provider: LightweightThemeManager
1469387747379	addons.manager	DEBUG	Registering shutdown blocker for LightweightThemeManager
1469387747380	addons.manager	DEBUG	Provider finished startup: LightweightThemeManager
1469387747382	addons.manager	DEBUG	Starting provider: GMPProvider
1469387747398	addons.manager	DEBUG	Registering shutdown blocker for GMPProvider
1469387747398	addons.manager	DEBUG	Provider finished startup: GMPProvider
1469387747398	addons.manager	DEBUG	Starting provider: PluginProvider
1469387747399	addons.manager	DEBUG	Registering shutdown blocker for PluginProvider
1469387747400	addons.manager	DEBUG	Provider finished startup: PluginProvider
1469387747401	addons.manager	DEBUG	Completed startup sequence
1469387749793	addons.manager	DEBUG	Starting provider: &lt;unnamed-provider&gt;
1469387749793	addons.manager	DEBUG	Registering shutdown blocker for &lt;unnamed-provider&gt;
1469387749794	addons.manager	DEBUG	Provider finished startup: &lt;unnamed-provider&gt;
1469387750544	DeferredSave.extensions.json	DEBUG	Write succeeded
1469387750544	addons.xpi-utils	DEBUG	XPI Database saved, setting schema version preference to 17
1469387750545	DeferredSave.extensions.json	DEBUG	Starting timer
1469387750564	addons.repository	DEBUG	No addons.json found.
1469387750565	DeferredSave.addons.json	DEBUG	Save changes
1469387750586	DeferredSave.addons.json	DEBUG	Starting timer
1469387750806	addons.manager	DEBUG	Starting provider: PreviousExperimentProvider
1469387750806	addons.manager	DEBUG	Registering shutdown blocker for PreviousExperimentProvider
1469387750807	addons.manager	DEBUG	Provider finished startup: PreviousExperimentProvider
1469387750813	DeferredSave.extensions.json	DEBUG	Starting write
1469387750820	DeferredSave.addons.json	DEBUG	Starting write
1469387750893	DeferredSave.extensions.json	DEBUG	Write succeeded
1469387750922	DeferredSave.addons.json	DEBUG	Write succeeded

Build info: version: &#039;2.53.0&#039;, revision: &#039;35ae25b&#039;, time: &#039;2016-03-15 17:00:58&#039;
System info: host: &#039;Admin-PC&#039;, ip: &#039;192.168.1.29&#039;, os.name: &#039;Windows 7&#039;, os.arch: &#039;x86&#039;, os.version: &#039;6.1&#039;, java.version: &#039;1.8.0_66&#039;
Driver info: driver.version: FirefoxDriver">
      <![CDATA[org.openqa.selenium.WebDriverException: Failed to connect to binary FirefoxBinary(C:\Program Files (x86)\Mozilla Firefox\firefox.exe) on port 7055; process output follows: 
"updateKey":null,"optionsURL":null,"optionsType":null,"aboutURL":null,"icons":{"32":"icon.png","48":"icon.png"},"iconURL":null,"icon64URL":null,"defaultLocale":{"name":"Default","description":"The default theme.","creator":"Mozilla","homepageURL":null,"contributors":["Mozilla Contributors"]},"visible":true,"active":true,"userDisabled":false,"appDisabled":false,"descriptor":"C:\\Program Files (x86)\\Mozilla Firefox\\browser\\extensions\\{972ce4c6-7e08-4474-a285-3208198ce6fd}.xpi","installDate":1469002158396,"updateDate":1469002158396,"applyBackgroundUpdates":1,"skinnable":true,"size":22012,"sourceURI":null,"releaseNotesURI":null,"softDisabled":false,"foreignInstall":false,"hasBinaryComponents":false,"strictCompatibility":true,"locales":[],"targetApplications":[{"id":"{ec8030f7-c20a-464f-9b0e-13a3a9e97384}","minVersion":"47.0.1","maxVersion":"47.0.1"}],"targetPlatforms":[],"seen":true}
1469387747301	addons.xpi	DEBUG	getModTime: Recursive scan of {972ce4c6-7e08-4474-a285-3208198ce6fd}
1469387747304	DeferredSave.extensions.json	DEBUG	Save changes
1469387747304	addons.xpi	DEBUG	Updating database with changes to installed add-ons
1469387747305	addons.xpi-utils	DEBUG	Updating add-on states
1469387747306	addons.xpi-utils	DEBUG	Writing add-ons list
1469387747311	addons.xpi	DEBUG	Registering manifest for C:\Program Files (x86)\Mozilla Firefox\browser\features\e10srollout@mozilla.org.xpi
1469387747312	addons.xpi	DEBUG	Calling bootstrap method startup on e10srollout@mozilla.org version 1.0
1469387747312	addons.xpi	DEBUG	Registering manifest for C:\Program Files (x86)\Mozilla Firefox\browser\features\firefox@getpocket.com.xpi
1469387747314	addons.xpi	DEBUG	Calling bootstrap method startup on firefox@getpocket.com version 1.0.2
1469387747316	addons.xpi	DEBUG	Registering manifest for C:\Program Files (x86)\Mozilla Firefox\browser\features\loop@mozilla.org.xpi
1469387747318	addons.xpi	DEBUG	Calling bootstrap method startup on loop@mozilla.org version 1.3.2
1469387747378	addons.manager	DEBUG	Registering shutdown blocker for XPIProvider
1469387747378	addons.manager	DEBUG	Provider finished startup: XPIProvider
1469387747379	addons.manager	DEBUG	Starting provider: LightweightThemeManager
1469387747379	addons.manager	DEBUG	Registering shutdown blocker for LightweightThemeManager
1469387747380	addons.manager	DEBUG	Provider finished startup: LightweightThemeManager
1469387747382	addons.manager	DEBUG	Starting provider: GMPProvider
1469387747398	addons.manager	DEBUG	Registering shutdown blocker for GMPProvider
1469387747398	addons.manager	DEBUG	Provider finished startup: GMPProvider
1469387747398	addons.manager	DEBUG	Starting provider: PluginProvider
1469387747399	addons.manager	DEBUG	Registering shutdown blocker for PluginProvider
1469387747400	addons.manager	DEBUG	Provider finished startup: PluginProvider
1469387747401	addons.manager	DEBUG	Completed startup sequence
1469387749793	addons.manager	DEBUG	Starting provider: <unnamed-provider>
1469387749793	addons.manager	DEBUG	Registering shutdown blocker for <unnamed-provider>
1469387749794	addons.manager	DEBUG	Provider finished startup: <unnamed-provider>
1469387750544	DeferredSave.extensions.json	DEBUG	Write succeeded
1469387750544	addons.xpi-utils	DEBUG	XPI Database saved, setting schema version preference to 17
1469387750545	DeferredSave.extensions.json	DEBUG	Starting timer
1469387750564	addons.repository	DEBUG	No addons.json found.
1469387750565	DeferredSave.addons.json	DEBUG	Save changes
1469387750586	DeferredSave.addons.json	DEBUG	Starting timer
1469387750806	addons.manager	DEBUG	Starting provider: PreviousExperimentProvider
1469387750806	addons.manager	DEBUG	Registering shutdown blocker for PreviousExperimentProvider
1469387750807	addons.manager	DEBUG	Provider finished startup: PreviousExperimentProvider
1469387750813	DeferredSave.extensions.json	DEBUG	Starting write
1469387750820	DeferredSave.addons.json	DEBUG	Starting write
1469387750893	DeferredSave.extensions.json	DEBUG	Write succeeded
1469387750922	DeferredSave.addons.json	DEBUG	Write succeeded

Build info: version: '2.53.0', revision: '35ae25b', time: '2016-03-15 17:00:58'
System info: host: 'Admin-PC', ip: '192.168.1.29', os.name: 'Windows 7', os.arch: 'x86', os.version: '6.1', java.version: '1.8.0_66'
Driver info: driver.version: FirefoxDriver
	at org.openqa.selenium.firefox.internal.NewProfileExtensionConnection.start(NewProfileExtensionConnection.java:124)
	at org.openqa.selenium.firefox.FirefoxDriver.startClient(FirefoxDriver.java:271)
	at org.openqa.selenium.remote.RemoteWebDriver.<init>(RemoteWebDriver.java:119)
	at org.openqa.selenium.firefox.FirefoxDriver.<init>(FirefoxDriver.java:218)
	at org.openqa.selenium.firefox.FirefoxDriver.<init>(FirefoxDriver.java:211)
	at org.openqa.selenium.firefox.FirefoxDriver.<init>(FirefoxDriver.java:207)
	at org.openqa.selenium.firefox.FirefoxDriver.<init>(FirefoxDriver.java:120)
	at Visibility.LaunchBrowser(Visibility.java:17)
	at sun.reflect.NativeMethodAccessorImpl.invoke0(Native Method)
	at sun.reflect.NativeMethodAccessorImpl.invoke(Unknown Source)
	at sun.reflect.DelegatingMethodAccessorImpl.invoke(Unknown Source)
	at java.lang.reflect.Method.invoke(Unknown Source)
	at org.testng.internal.MethodInvocationHelper.invokeMethod(MethodInvocationHelper.java:85)
	at org.testng.internal.Invoker.invokeConfigurationMethod(Invoker.java:510)
	at org.testng.internal.Invoker.invokeConfigurations(Invoker.java:211)
	at org.testng.internal.Invoker.invokeConfigurations(Invoker.java:138)
	at org.testng.TestRunner.beforeRun(TestRunner.java:648)
	at org.testng.TestRunner.run(TestRunner.java:616)
	at org.testng.SuiteRunner.runTest(SuiteRunner.java:359)
	at org.testng.SuiteRunner.runSequentially(SuiteRunner.java:354)
	at org.testng.SuiteRunner.privateRun(SuiteRunner.java:312)
	at org.testng.SuiteRunner.run(SuiteRunner.java:261)
	at org.testng.SuiteRunnerWorker.runSuite(SuiteRunnerWorker.java:52)
	at org.testng.SuiteRunnerWorker.run(SuiteRunnerWorker.java:86)
	at org.testng.TestNG.runSuitesSequentially(TestNG.java:1215)
	at org.testng.TestNG.runSuitesLocally(TestNG.java:1140)
	at org.testng.TestNG.run(TestNG.java:1048)
	at org.testng.remote.AbstractRemoteTestNG.run(AbstractRemoteTestNG.java:126)
	at org.testng.remote.RemoteTestNG.initAndRun(RemoteTestNG.java:137)
	at org.testng.remote.RemoteTestNG.main(RemoteTestNG.java:58)
Caused by: org.openqa.selenium.firefox.NotConnectedException: Unable to connect to host 127.0.0.1 on port 7055 after 45000 ms. Firefox console output:
"updateKey":null,"optionsURL":null,"optionsType":null,"aboutURL":null,"icons":{"32":"icon.png","48":"icon.png"},"iconURL":null,"icon64URL":null,"defaultLocale":{"name":"Default","description":"The default theme.","creator":"Mozilla","homepageURL":null,"contributors":["Mozilla Contributors"]},"visible":true,"active":true,"userDisabled":false,"appDisabled":false,"descriptor":"C:\\Program Files (x86)\\Mozilla Firefox\\browser\\extensions\\{972ce4c6-7e08-4474-a285-3208198ce6fd}.xpi","installDate":1469002158396,"updateDate":1469002158396,"applyBackgroundUpdates":1,"skinnable":true,"size":22012,"sourceURI":null,"releaseNotesURI":null,"softDisabled":false,"foreignInstall":false,"hasBinaryComponents":false,"strictCompatibility":true,"locales":[],"targetApplications":[{"id":"{ec8030f7-c20a-464f-9b0e-13a3a9e97384}","minVersion":"47.0.1","maxVersion":"47.0.1"}],"targetPlatforms":[],"seen":true}
1469387747301	addons.xpi	DEBUG	getModTime: Recursive scan of {972ce4c6-7e08-4474-a285-3208198ce6fd}
1469387747304	DeferredSave.extensions.json	DEBUG	Save changes
1469387747304	addons.xpi	DEBUG	Updating database with changes to installed add-ons
1469387747305	addons.xpi-utils	DEBUG	Updating add-on states
1469387747306	addons.xpi-utils	DEBUG	Writing add-ons list
1469387747311	addons.xpi	DEBUG	Registering manifest for C:\Program Files (x86)\Mozilla Firefox\browser\features\e10srollout@mozilla.org.xpi
1469387747312	addons.xpi	DEBUG	Calling bootstrap method startup on e10srollout@mozilla.org version 1.0
1469387747312	addons.xpi	DEBUG	Registering manifest for C:\Program Files (x86)\Mozilla Firefox\browser\features\firefox@getpocket.com.xpi
1469387747314	addons.xpi	DEBUG	Calling bootstrap method startup on firefox@getpocket.com version 1.0.2
1469387747316	addons.xpi	DEBUG	Registering manifest for C:\Program Files (x86)\Mozilla Firefox\browser\features\loop@mozilla.org.xpi
1469387747318	addons.xpi	DEBUG	Calling bootstrap method startup on loop@mozilla.org version 1.3.2
1469387747378	addons.manager	DEBUG	Registering shutdown blocker for XPIProvider
1469387747378	addons.manager	DEBUG	Provider finished startup: XPIProvider
1469387747379	addons.manager	DEBUG	Starting provider: LightweightThemeManager
1469387747379	addons.manager	DEBUG	Registering shutdown blocker for LightweightThemeManager
1469387747380	addons.manager	DEBUG	Provider finished startup: LightweightThemeManager
1469387747382	addons.manager	DEBUG	Starting provider: GMPProvider
1469387747398	addons.manager	DEBUG	Registering shutdown blocker for GMPProvider
1469387747398	addons.manager	DEBUG	Provider finished startup: GMPProvider
1469387747398	addons.manager	DEBUG	Starting provider: PluginProvider
1469387747399	addons.manager	DEBUG	Registering shutdown blocker for PluginProvider
1469387747400	addons.manager	DEBUG	Provider finished startup: PluginProvider
1469387747401	addons.manager	DEBUG	Completed startup sequence
1469387749793	addons.manager	DEBUG	Starting provider: <unnamed-provider>
1469387749793	addons.manager	DEBUG	Registering shutdown blocker for <unnamed-provider>
1469387749794	addons.manager	DEBUG	Provider finished startup: <unnamed-provider>
1469387750544	DeferredSave.extensions.json	DEBUG	Write succeeded
1469387750544	addons.xpi-utils	DEBUG	XPI Database saved, setting schema version preference to 17
1469387750545	DeferredSave.extensions.json	DEBUG	Starting timer
1469387750564	addons.repository	DEBUG	No addons.json found.
1469387750565	DeferredSave.addons.json	DEBUG	Save changes
1469387750586	DeferredSave.addons.json	DEBUG	Starting timer
1469387750806	addons.manager	DEBUG	Starting provider: PreviousExperimentProvider
1469387750806	addons.manager	DEBUG	Registering shutdown blocker for PreviousExperimentProvider
1469387750807	addons.manager	DEBUG	Provider finished startup: PreviousExperimentProvider
1469387750813	DeferredSave.extensions.json	DEBUG	Starting write
1469387750820	DeferredSave.addons.json	DEBUG	Starting write
1469387750893	DeferredSave.extensions.json	DEBUG	Write succeeded
1469387750922	DeferredSave.addons.json	DEBUG	Write succeeded

	at org.openqa.selenium.firefox.internal.NewProfileExtensionConnection.start(NewProfileExtensionConnection.java:112)
	... 29 more
]]>
    </error>
  </testcase> <!-- Testing -->
  <testcase name="Testing2" time="0.002" classname="Visibility">
    <error type="org.openqa.selenium.WebDriverException" message="Failed to connect to binary FirefoxBinary(C:\Program Files (x86)\Mozilla Firefox\firefox.exe) on port 7055; process output follows: 
&quot;updateKey&quot;:null,&quot;optionsURL&quot;:null,&quot;optionsType&quot;:null,&quot;aboutURL&quot;:null,&quot;icons&quot;:{&quot;32&quot;:&quot;icon.png&quot;,&quot;48&quot;:&quot;icon.png&quot;},&quot;iconURL&quot;:null,&quot;icon64URL&quot;:null,&quot;defaultLocale&quot;:{&quot;name&quot;:&quot;Default&quot;,&quot;description&quot;:&quot;The default theme.&quot;,&quot;creator&quot;:&quot;Mozilla&quot;,&quot;homepageURL&quot;:null,&quot;contributors&quot;:[&quot;Mozilla Contributors&quot;]},&quot;visible&quot;:true,&quot;active&quot;:true,&quot;userDisabled&quot;:false,&quot;appDisabled&quot;:false,&quot;descriptor&quot;:&quot;C:\\Program Files (x86)\\Mozilla Firefox\\browser\\extensions\\{972ce4c6-7e08-4474-a285-3208198ce6fd}.xpi&quot;,&quot;installDate&quot;:1469002158396,&quot;updateDate&quot;:1469002158396,&quot;applyBackgroundUpdates&quot;:1,&quot;skinnable&quot;:true,&quot;size&quot;:22012,&quot;sourceURI&quot;:null,&quot;releaseNotesURI&quot;:null,&quot;softDisabled&quot;:false,&quot;foreignInstall&quot;:false,&quot;hasBinaryComponents&quot;:false,&quot;strictCompatibility&quot;:true,&quot;locales&quot;:[],&quot;targetApplications&quot;:[{&quot;id&quot;:&quot;{ec8030f7-c20a-464f-9b0e-13a3a9e97384}&quot;,&quot;minVersion&quot;:&quot;47.0.1&quot;,&quot;maxVersion&quot;:&quot;47.0.1&quot;}],&quot;targetPlatforms&quot;:[],&quot;seen&quot;:true}
1469387747301	addons.xpi	DEBUG	getModTime: Recursive scan of {972ce4c6-7e08-4474-a285-3208198ce6fd}
1469387747304	DeferredSave.extensions.json	DEBUG	Save changes
1469387747304	addons.xpi	DEBUG	Updating database with changes to installed add-ons
1469387747305	addons.xpi-utils	DEBUG	Updating add-on states
1469387747306	addons.xpi-utils	DEBUG	Writing add-ons list
1469387747311	addons.xpi	DEBUG	Registering manifest for C:\Program Files (x86)\Mozilla Firefox\browser\features\e10srollout@mozilla.org.xpi
1469387747312	addons.xpi	DEBUG	Calling bootstrap method startup on e10srollout@mozilla.org version 1.0
1469387747312	addons.xpi	DEBUG	Registering manifest for C:\Program Files (x86)\Mozilla Firefox\browser\features\firefox@getpocket.com.xpi
1469387747314	addons.xpi	DEBUG	Calling bootstrap method startup on firefox@getpocket.com version 1.0.2
1469387747316	addons.xpi	DEBUG	Registering manifest for C:\Program Files (x86)\Mozilla Firefox\browser\features\loop@mozilla.org.xpi
1469387747318	addons.xpi	DEBUG	Calling bootstrap method startup on loop@mozilla.org version 1.3.2
1469387747378	addons.manager	DEBUG	Registering shutdown blocker for XPIProvider
1469387747378	addons.manager	DEBUG	Provider finished startup: XPIProvider
1469387747379	addons.manager	DEBUG	Starting provider: LightweightThemeManager
1469387747379	addons.manager	DEBUG	Registering shutdown blocker for LightweightThemeManager
1469387747380	addons.manager	DEBUG	Provider finished startup: LightweightThemeManager
1469387747382	addons.manager	DEBUG	Starting provider: GMPProvider
1469387747398	addons.manager	DEBUG	Registering shutdown blocker for GMPProvider
1469387747398	addons.manager	DEBUG	Provider finished startup: GMPProvider
1469387747398	addons.manager	DEBUG	Starting provider: PluginProvider
1469387747399	addons.manager	DEBUG	Registering shutdown blocker for PluginProvider
1469387747400	addons.manager	DEBUG	Provider finished startup: PluginProvider
1469387747401	addons.manager	DEBUG	Completed startup sequence
1469387749793	addons.manager	DEBUG	Starting provider: &lt;unnamed-provider&gt;
1469387749793	addons.manager	DEBUG	Registering shutdown blocker for &lt;unnamed-provider&gt;
1469387749794	addons.manager	DEBUG	Provider finished startup: &lt;unnamed-provider&gt;
1469387750544	DeferredSave.extensions.json	DEBUG	Write succeeded
1469387750544	addons.xpi-utils	DEBUG	XPI Database saved, setting schema version preference to 17
1469387750545	DeferredSave.extensions.json	DEBUG	Starting timer
1469387750564	addons.repository	DEBUG	No addons.json found.
1469387750565	DeferredSave.addons.json	DEBUG	Save changes
1469387750586	DeferredSave.addons.json	DEBUG	Starting timer
1469387750806	addons.manager	DEBUG	Starting provider: PreviousExperimentProvider
1469387750806	addons.manager	DEBUG	Registering shutdown blocker for PreviousExperimentProvider
1469387750807	addons.manager	DEBUG	Provider finished startup: PreviousExperimentProvider
1469387750813	DeferredSave.extensions.json	DEBUG	Starting write
1469387750820	DeferredSave.addons.json	DEBUG	Starting write
1469387750893	DeferredSave.extensions.json	DEBUG	Write succeeded
1469387750922	DeferredSave.addons.json	DEBUG	Write succeeded

Build info: version: &#039;2.53.0&#039;, revision: &#039;35ae25b&#039;, time: &#039;2016-03-15 17:00:58&#039;
System info: host: &#039;Admin-PC&#039;, ip: &#039;192.168.1.29&#039;, os.name: &#039;Windows 7&#039;, os.arch: &#039;x86&#039;, os.version: &#039;6.1&#039;, java.version: &#039;1.8.0_66&#039;
Driver info: driver.version: FirefoxDriver">
      <![CDATA[org.openqa.selenium.WebDriverException: Failed to connect to binary FirefoxBinary(C:\Program Files (x86)\Mozilla Firefox\firefox.exe) on port 7055; process output follows: 
"updateKey":null,"optionsURL":null,"optionsType":null,"aboutURL":null,"icons":{"32":"icon.png","48":"icon.png"},"iconURL":null,"icon64URL":null,"defaultLocale":{"name":"Default","description":"The default theme.","creator":"Mozilla","homepageURL":null,"contributors":["Mozilla Contributors"]},"visible":true,"active":true,"userDisabled":false,"appDisabled":false,"descriptor":"C:\\Program Files (x86)\\Mozilla Firefox\\browser\\extensions\\{972ce4c6-7e08-4474-a285-3208198ce6fd}.xpi","installDate":1469002158396,"updateDate":1469002158396,"applyBackgroundUpdates":1,"skinnable":true,"size":22012,"sourceURI":null,"releaseNotesURI":null,"softDisabled":false,"foreignInstall":false,"hasBinaryComponents":false,"strictCompatibility":true,"locales":[],"targetApplications":[{"id":"{ec8030f7-c20a-464f-9b0e-13a3a9e97384}","minVersion":"47.0.1","maxVersion":"47.0.1"}],"targetPlatforms":[],"seen":true}
1469387747301	addons.xpi	DEBUG	getModTime: Recursive scan of {972ce4c6-7e08-4474-a285-3208198ce6fd}
1469387747304	DeferredSave.extensions.json	DEBUG	Save changes
1469387747304	addons.xpi	DEBUG	Updating database with changes to installed add-ons
1469387747305	addons.xpi-utils	DEBUG	Updating add-on states
1469387747306	addons.xpi-utils	DEBUG	Writing add-ons list
1469387747311	addons.xpi	DEBUG	Registering manifest for C:\Program Files (x86)\Mozilla Firefox\browser\features\e10srollout@mozilla.org.xpi
1469387747312	addons.xpi	DEBUG	Calling bootstrap method startup on e10srollout@mozilla.org version 1.0
1469387747312	addons.xpi	DEBUG	Registering manifest for C:\Program Files (x86)\Mozilla Firefox\browser\features\firefox@getpocket.com.xpi
1469387747314	addons.xpi	DEBUG	Calling bootstrap method startup on firefox@getpocket.com version 1.0.2
1469387747316	addons.xpi	DEBUG	Registering manifest for C:\Program Files (x86)\Mozilla Firefox\browser\features\loop@mozilla.org.xpi
1469387747318	addons.xpi	DEBUG	Calling bootstrap method startup on loop@mozilla.org version 1.3.2
1469387747378	addons.manager	DEBUG	Registering shutdown blocker for XPIProvider
1469387747378	addons.manager	DEBUG	Provider finished startup: XPIProvider
1469387747379	addons.manager	DEBUG	Starting provider: LightweightThemeManager
1469387747379	addons.manager	DEBUG	Registering shutdown blocker for LightweightThemeManager
1469387747380	addons.manager	DEBUG	Provider finished startup: LightweightThemeManager
1469387747382	addons.manager	DEBUG	Starting provider: GMPProvider
1469387747398	addons.manager	DEBUG	Registering shutdown blocker for GMPProvider
1469387747398	addons.manager	DEBUG	Provider finished startup: GMPProvider
1469387747398	addons.manager	DEBUG	Starting provider: PluginProvider
1469387747399	addons.manager	DEBUG	Registering shutdown blocker for PluginProvider
1469387747400	addons.manager	DEBUG	Provider finished startup: PluginProvider
1469387747401	addons.manager	DEBUG	Completed startup sequence
1469387749793	addons.manager	DEBUG	Starting provider: <unnamed-provider>
1469387749793	addons.manager	DEBUG	Registering shutdown blocker for <unnamed-provider>
1469387749794	addons.manager	DEBUG	Provider finished startup: <unnamed-provider>
1469387750544	DeferredSave.extensions.json	DEBUG	Write succeeded
1469387750544	addons.xpi-utils	DEBUG	XPI Database saved, setting schema version preference to 17
1469387750545	DeferredSave.extensions.json	DEBUG	Starting timer
1469387750564	addons.repository	DEBUG	No addons.json found.
1469387750565	DeferredSave.addons.json	DEBUG	Save changes
1469387750586	DeferredSave.addons.json	DEBUG	Starting timer
1469387750806	addons.manager	DEBUG	Starting provider: PreviousExperimentProvider
1469387750806	addons.manager	DEBUG	Registering shutdown blocker for PreviousExperimentProvider
1469387750807	addons.manager	DEBUG	Provider finished startup: PreviousExperimentProvider
1469387750813	DeferredSave.extensions.json	DEBUG	Starting write
1469387750820	DeferredSave.addons.json	DEBUG	Starting write
1469387750893	DeferredSave.extensions.json	DEBUG	Write succeeded
1469387750922	DeferredSave.addons.json	DEBUG	Write succeeded

Build info: version: '2.53.0', revision: '35ae25b', time: '2016-03-15 17:00:58'
System info: host: 'Admin-PC', ip: '192.168.1.29', os.name: 'Windows 7', os.arch: 'x86', os.version: '6.1', java.version: '1.8.0_66'
Driver info: driver.version: FirefoxDriver
	at org.openqa.selenium.firefox.internal.NewProfileExtensionConnection.start(NewProfileExtensionConnection.java:124)
	at org.openqa.selenium.firefox.FirefoxDriver.startClient(FirefoxDriver.java:271)
	at org.openqa.selenium.remote.RemoteWebDriver.<init>(RemoteWebDriver.java:119)
	at org.openqa.selenium.firefox.FirefoxDriver.<init>(FirefoxDriver.java:218)
	at org.openqa.selenium.firefox.FirefoxDriver.<init>(FirefoxDriver.java:211)
	at org.openqa.selenium.firefox.FirefoxDriver.<init>(FirefoxDriver.java:207)
	at org.openqa.selenium.firefox.FirefoxDriver.<init>(FirefoxDriver.java:120)
	at Visibility.LaunchBrowser(Visibility.java:17)
	at sun.reflect.NativeMethodAccessorImpl.invoke0(Native Method)
	at sun.reflect.NativeMethodAccessorImpl.invoke(Unknown Source)
	at sun.reflect.DelegatingMethodAccessorImpl.invoke(Unknown Source)
	at java.lang.reflect.Method.invoke(Unknown Source)
	at org.testng.internal.MethodInvocationHelper.invokeMethod(MethodInvocationHelper.java:85)
	at org.testng.internal.Invoker.invokeConfigurationMethod(Invoker.java:510)
	at org.testng.internal.Invoker.invokeConfigurations(Invoker.java:211)
	at org.testng.internal.Invoker.invokeConfigurations(Invoker.java:138)
	at org.testng.TestRunner.beforeRun(TestRunner.java:648)
	at org.testng.TestRunner.run(TestRunner.java:616)
	at org.testng.SuiteRunner.runTest(SuiteRunner.java:359)
	at org.testng.SuiteRunner.runSequentially(SuiteRunner.java:354)
	at org.testng.SuiteRunner.privateRun(SuiteRunner.java:312)
	at org.testng.SuiteRunner.run(SuiteRunner.java:261)
	at org.testng.SuiteRunnerWorker.runSuite(SuiteRunnerWorker.java:52)
	at org.testng.SuiteRunnerWorker.run(SuiteRunnerWorker.java:86)
	at org.testng.TestNG.runSuitesSequentially(TestNG.java:1215)
	at org.testng.TestNG.runSuitesLocally(TestNG.java:1140)
	at org.testng.TestNG.run(TestNG.java:1048)
	at org.testng.remote.AbstractRemoteTestNG.run(AbstractRemoteTestNG.java:126)
	at org.testng.remote.RemoteTestNG.initAndRun(RemoteTestNG.java:137)
	at org.testng.remote.RemoteTestNG.main(RemoteTestNG.java:58)
Caused by: org.openqa.selenium.firefox.NotConnectedException: Unable to connect to host 127.0.0.1 on port 7055 after 45000 ms. Firefox console output:
"updateKey":null,"optionsURL":null,"optionsType":null,"aboutURL":null,"icons":{"32":"icon.png","48":"icon.png"},"iconURL":null,"icon64URL":null,"defaultLocale":{"name":"Default","description":"The default theme.","creator":"Mozilla","homepageURL":null,"contributors":["Mozilla Contributors"]},"visible":true,"active":true,"userDisabled":false,"appDisabled":false,"descriptor":"C:\\Program Files (x86)\\Mozilla Firefox\\browser\\extensions\\{972ce4c6-7e08-4474-a285-3208198ce6fd}.xpi","installDate":1469002158396,"updateDate":1469002158396,"applyBackgroundUpdates":1,"skinnable":true,"size":22012,"sourceURI":null,"releaseNotesURI":null,"softDisabled":false,"foreignInstall":false,"hasBinaryComponents":false,"strictCompatibility":true,"locales":[],"targetApplications":[{"id":"{ec8030f7-c20a-464f-9b0e-13a3a9e97384}","minVersion":"47.0.1","maxVersion":"47.0.1"}],"targetPlatforms":[],"seen":true}
1469387747301	addons.xpi	DEBUG	getModTime: Recursive scan of {972ce4c6-7e08-4474-a285-3208198ce6fd}
1469387747304	DeferredSave.extensions.json	DEBUG	Save changes
1469387747304	addons.xpi	DEBUG	Updating database with changes to installed add-ons
1469387747305	addons.xpi-utils	DEBUG	Updating add-on states
1469387747306	addons.xpi-utils	DEBUG	Writing add-ons list
1469387747311	addons.xpi	DEBUG	Registering manifest for C:\Program Files (x86)\Mozilla Firefox\browser\features\e10srollout@mozilla.org.xpi
1469387747312	addons.xpi	DEBUG	Calling bootstrap method startup on e10srollout@mozilla.org version 1.0
1469387747312	addons.xpi	DEBUG	Registering manifest for C:\Program Files (x86)\Mozilla Firefox\browser\features\firefox@getpocket.com.xpi
1469387747314	addons.xpi	DEBUG	Calling bootstrap method startup on firefox@getpocket.com version 1.0.2
1469387747316	addons.xpi	DEBUG	Registering manifest for C:\Program Files (x86)\Mozilla Firefox\browser\features\loop@mozilla.org.xpi
1469387747318	addons.xpi	DEBUG	Calling bootstrap method startup on loop@mozilla.org version 1.3.2
1469387747378	addons.manager	DEBUG	Registering shutdown blocker for XPIProvider
1469387747378	addons.manager	DEBUG	Provider finished startup: XPIProvider
1469387747379	addons.manager	DEBUG	Starting provider: LightweightThemeManager
1469387747379	addons.manager	DEBUG	Registering shutdown blocker for LightweightThemeManager
1469387747380	addons.manager	DEBUG	Provider finished startup: LightweightThemeManager
1469387747382	addons.manager	DEBUG	Starting provider: GMPProvider
1469387747398	addons.manager	DEBUG	Registering shutdown blocker for GMPProvider
1469387747398	addons.manager	DEBUG	Provider finished startup: GMPProvider
1469387747398	addons.manager	DEBUG	Starting provider: PluginProvider
1469387747399	addons.manager	DEBUG	Registering shutdown blocker for PluginProvider
1469387747400	addons.manager	DEBUG	Provider finished startup: PluginProvider
1469387747401	addons.manager	DEBUG	Completed startup sequence
1469387749793	addons.manager	DEBUG	Starting provider: <unnamed-provider>
1469387749793	addons.manager	DEBUG	Registering shutdown blocker for <unnamed-provider>
1469387749794	addons.manager	DEBUG	Provider finished startup: <unnamed-provider>
1469387750544	DeferredSave.extensions.json	DEBUG	Write succeeded
1469387750544	addons.xpi-utils	DEBUG	XPI Database saved, setting schema version preference to 17
1469387750545	DeferredSave.extensions.json	DEBUG	Starting timer
1469387750564	addons.repository	DEBUG	No addons.json found.
1469387750565	DeferredSave.addons.json	DEBUG	Save changes
1469387750586	DeferredSave.addons.json	DEBUG	Starting timer
1469387750806	addons.manager	DEBUG	Starting provider: PreviousExperimentProvider
1469387750806	addons.manager	DEBUG	Registering shutdown blocker for PreviousExperimentProvider
1469387750807	addons.manager	DEBUG	Provider finished startup: PreviousExperimentProvider
1469387750813	DeferredSave.extensions.json	DEBUG	Starting write
1469387750820	DeferredSave.addons.json	DEBUG	Starting write
1469387750893	DeferredSave.extensions.json	DEBUG	Write succeeded
1469387750922	DeferredSave.addons.json	DEBUG	Write succeeded

	at org.openqa.selenium.firefox.internal.NewProfileExtensionConnection.start(NewProfileExtensionConnection.java:112)
	... 29 more
]]>
    </error>
  </testcase> <!-- Testing2 -->
</testsuite> <!-- Visibility -->
