<?xml version="1.0" encoding="UTF-8"?>
<!-- Generated by org.testng.reporters.JUnitReportReporter -->
<testsuite hostname="Admin-PC" name="Screenshot" tests="1" failures="0" timestamp="3 Jul 2016 07:22:49 GMT" time="14.452" errors="0">
  <testcase name="Screeshot" time="14.452" classname="Screenshot"/>
</testsuite> <!-- Screenshot -->
