<?xml version="1.0" encoding="UTF-8"?>
<!-- Generated by org.testng.reporters.JUnitReportReporter -->
<testsuite hostname="Admin-PC" name="Selectelement" tests="1" failures="0" timestamp="20 Jul 2016 06:44:45 GMT" time="14.429" errors="0">
  <testcase name="select" time="14.429" classname="Selectelement"/>
</testsuite> <!-- Selectelement -->
