<?xml version="1.0" encoding="UTF-8"?>
<!-- Generated by org.testng.reporters.JUnitReportReporter -->
<testsuite hostname="Admin-PC" name="WindowHandle" tests="1" failures="0" timestamp="7 Jul 2016 05:32:52 GMT" time="14.082" errors="0">
  <testcase name="WindowHandles" time="14.082" classname="WindowHandle"/>
</testsuite> <!-- WindowHandle -->
