<?xml version="1.0" encoding="UTF-8"?>
<!-- Generated by org.testng.reporters.JUnitReportReporter -->
<testsuite hostname="Admin-PC" name="backForward" tests="1" failures="0" timestamp="19 Jul 2016 03:08:15 GMT" time="17.075" errors="0">
  <testcase name="bckfrwd" time="17.075" classname="backForward"/>
</testsuite> <!-- backForward -->
