<?xml version="1.0" encoding="UTF-8"?>
<!-- Generated by org.testng.reporters.JUnitReportReporter -->
<testsuite hostname="Admin-PC" name="GroupingDemo" tests="4" failures="0" timestamp="24 Mar 2017 04:19:59 GMT" time="0.069" errors="0">
  <testcase name="groupDemo3" time="0.023" classname="GroupingDemo"/>
  <testcase name="groupDemo4" time="0.004" classname="GroupingDemo"/>
  <testcase name="groupDemo1" time="0.038" classname="GroupingDemo"/>
  <testcase name="groupDemo2" time="0.004" classname="GroupingDemo"/>
</testsuite> <!-- GroupingDemo -->
