<?xml version="1.0" encoding="UTF-8"?>
<!-- Generated by org.testng.reporters.JUnitReportReporter -->
<testsuite hostname="Admin-PC" name="POM.Testdata" tests="5" failures="0" timestamp="11 Sep 2016 12:20:17 GMT" time="43.045" errors="0">
  <testcase name="Test2" time="0.002" classname="POM.Testdata"/>
  <testcase name="Test1" time="6.481" classname="POM.Testdata"/>
  <testcase name="Test4" time="30.217" classname="POM.Testdata"/>
  <testcase name="Test5" time="0.015" classname="POM.Testdata"/>
  <testcase name="Test3" time="6.330" classname="POM.Testdata"/>
</testsuite> <!-- POM.Testdata -->
